 
****************************************
Report : area
Design : register_file
Version: F-2011.09-SP3
Date   : Sun Apr 28 17:36:30 2019
****************************************

Library(s) Used:

    NangateOpenCellLibrary (File: /home/mariagrazia.graziano/do/libnangate/NangateOpenCellLibrary_typical_ecsm.db)

Number of ports:                          213
Number of nets:                          8984
Number of cells:                         6979
Number of combinational cells:           4803
Number of sequential cells:              2176
Number of macros:                           0
Number of buf/inv:                        248
Number of references:                      26

Combinational area:       7973.882002
Noncombinational area:    9839.871643
Net Interconnect area:      undefined  (Wire load has zero net area)

Total cell area:          17813.753645
Total area:                 undefined
1
