Information: Updating design information... (UID-85)
Warning: Design 'registerFile_TLE' contains 1 high-fanout nets. A fanout number of 1000 will be used for delay calculations involving these nets. (TIM-134)
 
****************************************
Report : timing
        -path full
        -delay max
        -max_paths 1
Design : registerFile_TLE
Version: F-2011.09-SP3
Date   : Wed May  8 12:22:12 2019
****************************************

 # A fanout number of 1000 was used for high fanout net computations.

Operating Conditions: typical   Library: NangateOpenCellLibrary
Wire Load Model Mode: top

  Startpoint: physRF/REGISTERS_reg[60][0]
              (rising edge-triggered flip-flop clocked by clk)
  Endpoint: physRF/OUT1_reg[0]
            (rising edge-triggered flip-flop clocked by clk)
  Path Group: clk
  Path Type: max

  Des/Clust/Port     Wire Load Model       Library
  ------------------------------------------------
  registerFile_TLE   5K_hvratio_1_1        NangateOpenCellLibrary

  Point                                                   Incr       Path
  --------------------------------------------------------------------------
  clock clk (rise edge)                                   0.00       0.00
  clock network delay (ideal)                             0.00       0.00
  physRF/REGISTERS_reg[60][0]/CK (DFF_X1)                 0.00 #     0.00 r
  physRF/REGISTERS_reg[60][0]/QN (DFF_X1)                 0.07       0.07 r
  physRF/U1379/ZN (OAI222_X1)                             0.05       0.13 f
  physRF/U5754/ZN (AOI221_X1)                             0.09       0.22 r
  physRF/U5751/ZN (NAND4_X1)                              0.05       0.27 f
  physRF/U3973/ZN (NOR4_X1)                               0.10       0.36 r
  physRF/U3972/ZN (OAI222_X1)                             0.05       0.42 f
  physRF/OUT1_reg[0]/D (DFF_X1)                           0.01       0.43 f
  data arrival time                                                  0.43

  clock clk (rise edge)                                   2.00       2.00
  clock network delay (ideal)                             0.00       2.00
  physRF/OUT1_reg[0]/CK (DFF_X1)                          0.00       2.00 r
  library setup time                                     -0.05       1.95
  data required time                                                 1.95
  --------------------------------------------------------------------------
  data required time                                                 1.95
  data arrival time                                                 -0.43
  --------------------------------------------------------------------------
  slack (MET)                                                        1.53


1
