 
****************************************
Report : area
Design : register_file
Version: F-2011.09-SP3
Date   : Mon Apr 29 12:24:50 2019
****************************************

Library(s) Used:

    NangateOpenCellLibrary (File: /home/mariagrazia.graziano/do/libnangate/NangateOpenCellLibrary_typical_ecsm.db)

Number of ports:                          213
Number of nets:                          8657
Number of cells:                         7548
Number of combinational cells:           5244
Number of sequential cells:              2304
Number of macros:                           0
Number of buf/inv:                        337
Number of references:                      22

Combinational area:       7021.336097
Noncombinational area:    10691.071625
Net Interconnect area:      undefined  (Wire load has zero net area)

Total cell area:          17712.407722
Total area:                 undefined
1
