 
****************************************
Report : area
Design : completeAdderSynchronous
Version: F-2011.09-SP3
Date   : Sat Jun 15 14:27:16 2019
****************************************

Library(s) Used:

    NangateOpenCellLibrary (File: /home/mariagrazia.graziano/do/libnangate/NangateOpenCellLibrary_typical_ecsm.db)

Number of ports:                          100
Number of nets:                           298
Number of cells:                          101
Number of combinational cells:              2
Number of sequential cells:                98
Number of macros:                           0
Number of buf/inv:                          2
Number of references:                       4

Combinational area:        609.139996
Noncombinational area:     599.564003
Net Interconnect area:      undefined  (Wire load has zero net area)

Total cell area:          1208.703999
Total area:                 undefined
1
