 
****************************************
Report : area
Design : completeAdderSynchronous
Version: F-2011.09-SP3
Date   : Sat Jun 15 14:27:42 2019
****************************************

Library(s) Used:

    NangateOpenCellLibrary (File: /home/mariagrazia.graziano/do/libnangate/NangateOpenCellLibrary_typical_ecsm.db)

Number of ports:                          100
Number of nets:                           309
Number of cells:                          145
Number of combinational cells:             46
Number of sequential cells:                98
Number of macros:                           0
Number of buf/inv:                         13
Number of references:                       7

Combinational area:        704.101996
Noncombinational area:     546.895997
Net Interconnect area:      undefined  (Wire load has zero net area)

Total cell area:          1250.997992
Total area:                 undefined
1
