 
****************************************
Report : power
        -cell
        -analysis_effort low
        -sort_mode cell_internal_power
Design : SIPISOALU
Version: F-2011.09-SP3
Date   : Thu May  9 14:41:34 2019
****************************************


Library(s) Used:

    NangateOpenCellLibrary (File: /home/mariagrazia.graziano/do/libnangate/NangateOpenCellLibrary_typical_ecsm.db)


Operating Conditions: typical   Library: NangateOpenCellLibrary
Wire Load Model Mode: top

Design        Wire Load Model            Library
------------------------------------------------
SIPISOALU              5K_hvratio_1_1    NangateOpenCellLibrary


Global Operating Voltage = 1.1  
Power-specific unit information :
    Voltage Units = 1V
    Capacitance Units = 1.000000ff
    Time Units = 1ns
    Dynamic Power Units = 1uW    (derived from V,C,T units)
    Leakage Power Units = 1nW



  Attributes
  ----------
      h  -  Hierarchical cell

                        Cell      Driven Net  Tot Dynamic      Cell
                        Internal  Switching   Power            Leakage
Cell                    Power     Power       (% Cell/Tot)     Power      Attrs
--------------------------------------------------------------------------------
control                  120.3525       N/A        N/A (N/A)   1997.0376  h
PISO_reg[1]               17.6057    0.0424     17.648 (100%)    79.5087   
PISO_reg[3]               17.5622    0.0205     17.583 (100%)    79.4158   
PISO_reg[2]               17.5412    0.0292     17.570 (100%)    79.5642   
PISO_reg[0]               17.4178    0.0300     17.448 (100%)    79.9152   
SIPO_reg[2]               16.6901    0.1822     16.872 (99%)     81.6457   
PIPO_reg[1]               16.6819    0.3899     17.072 (98%)     81.7475   
SIPO_reg[1]               16.6342    0.4124     17.047 (98%)     81.8494   
PIPO_reg[3]               16.6303    0.2112     16.842 (99%)     81.8332   
PIPO_reg[0]               16.6139    0.5890     17.203 (97%)     81.8657   
PIPO_reg[2]               16.5625    0.4042     16.967 (98%)     81.8963   
SIPO_reg[0]               16.5109    0.3188     16.830 (98%)     82.0933   
U154                       1.2042    0.3683      1.572 (77%)     27.3215   
U134                       0.6910    0.1957      0.887 (78%)     29.2273   
U168                       0.5357    0.2319      0.768 (70%)     27.9810   
U171                       0.4521    0.2145      0.667 (68%)     37.6218   
U135                       0.4372    0.2348      0.672 (65%)     43.7244   
U167                       0.3144    0.1815      0.496 (63%)     38.2926   
U98                        0.2687    0.1566      0.425 (63%)     36.7836   
U152                       0.2649    0.1565      0.421 (63%)     24.5034   
U112                       0.2647    0.1565      0.421 (63%)     24.5034   
U165                       0.2420    3.5945      3.837 (6%)      14.3532   
U166                       0.2410    0.6014      0.842 (29%)     14.3532   
U118                       0.2176    0.0874      0.305 (71%)     34.4369   
U170                       0.2111    0.2177      0.429 (49%)      9.1798   
U124                       0.1918    0.0770      0.269 (71%)     34.6958   
U130                       0.1898    0.0765      0.266 (71%)     34.6372   
U128                       0.1866    0.0751      0.262 (71%)     34.6713   
U122                       0.1637    0.0658      0.230 (71%)     35.1652   
U126                       0.1521    0.0761      0.228 (67%)     36.3170   
U119                       0.1520    0.1387      0.291 (52%)     15.1046   
U120                       0.1490    0.0740      0.223 (67%)     36.4522   
U131                       0.1408    0.1164      0.257 (55%)      6.7792   
U127                       0.1396    0.1154      0.255 (55%)      6.7792   
U129                       0.1379    0.1140      0.252 (55%)      6.7792   
U121                       0.1360    0.1249      0.261 (52%)      6.3276   
U125                       0.1267    0.1143      0.241 (53%)     14.8568   
U123                       0.1242    0.1137      0.238 (52%)      6.0348   
U143                       0.0938    0.1399      0.234 (40%)     44.5801   
U150                       0.0924    0.0569      0.149 (62%)     44.5801   
U111                       0.0865    0.0718      0.158 (55%)     22.5786   
U161                       0.0832    0.3272      0.410 (20%)     17.5864   
U164                       0.0813    0.2080      0.289 (28%)     11.1180   
U107                       0.0784    0.0614      0.140 (56%)     44.9924   
U140                       0.0630    0.0285   9.15e-02 (69%)     17.9040   
U147                       0.0571    0.0802      0.137 (42%)     28.4313   
U137                       0.0555    0.0541      0.110 (51%)     28.4235   
U144                       0.0498    0.0596      0.109 (46%)     10.4878   
U108                       0.0476    0.0310   7.87e-02 (61%)      9.6170   
U133                       0.0421    0.0175   5.96e-02 (71%)      7.2067   
U153                       0.0413    0.0215   6.28e-02 (66%)     37.1816   
U136                       0.0404    0.0188   5.93e-02 (68%)     20.6803   
U145                       0.0380    0.0171   5.51e-02 (69%)     55.5612   
U132                       0.0350    0.0137   4.87e-02 (72%)     35.0294   
U141                       0.0312    0.0270   5.82e-02 (54%)     20.1683   
U110                       0.0237    0.0661   8.97e-02 (26%)      6.1306   
U139                       0.0223    0.0481   7.04e-02 (32%)     18.7524   
U149                       0.0212    0.0425   6.37e-02 (33%)     10.1395   
U158                       0.0209    0.0263   4.72e-02 (44%)     10.2336   
U138                       0.0207    0.0263   4.70e-02 (44%)     10.2336   
U174                       0.0190 8.807e-03   2.78e-02 (68%)     45.9777   
U157                       0.0187    0.0160   3.47e-02 (54%)      3.6523   
U172                       0.0153    0.0124   2.76e-02 (55%)      3.6950   
U142                       0.0000    0.0000      0.000 (N/A)     24.4908   
U159                       0.0000    0.0000      0.000 (N/A)     24.5356   
--------------------------------------------------------------------------------
Totals (65 cells)        315.317uW     N/A         N/A (N/A)      4.139uW
1
