 
****************************************
Report : power
        -net
        -analysis_effort low
        -sort_mode net_switching_power
Design : SIPISOALU
Version: F-2011.09-SP3
Date   : Thu May  9 14:41:34 2019
****************************************


Library(s) Used:

    NangateOpenCellLibrary (File: /home/mariagrazia.graziano/do/libnangate/NangateOpenCellLibrary_typical_ecsm.db)


Operating Conditions: typical   Library: NangateOpenCellLibrary
Wire Load Model Mode: top

Design        Wire Load Model            Library
------------------------------------------------
SIPISOALU              5K_hvratio_1_1    NangateOpenCellLibrary


Global Operating Voltage = 1.1  
Power-specific unit information :
    Voltage Units = 1V
    Capacitance Units = 1.000000ff
    Time Units = 1ns
    Dynamic Power Units = 1uW    (derived from V,C,T units)
    Leakage Power Units = 1nW



  Attributes
  ----------
      a  -  Switching activity information annotated on net
      d  -  Default switching activity information on net

                             Total      Static   Toggle   Switching
Net                          Net Load   Prob.    Rate     Power      Attrs
--------------------------------------------------------------------------------
n134                          24.359    0.500    0.2439      3.5945  d
LDB                           19.371    0.110    0.1460      1.7106  
EA                            14.567    0.148    0.1624      1.4314  
n136                           4.075    0.500    0.2439      0.6014  d
net112789                      1.933    0.507    0.3149      0.3683  
net112960                      6.137    0.119    0.0881      0.3272  
n179                           6.714    0.107    0.0787      0.3196  
n148                           6.852    0.107    0.0765      0.3172  
n83                            6.954    0.891    0.0747      0.3141  
net112848                      5.942    0.892    0.0756      0.2718  
net112966                      5.862    0.898    0.0734      0.2603  
LDC                           18.072    0.004    0.0220      0.2409  
n181                           2.721    0.174    0.1426      0.2348  
n184                           2.883    0.167    0.1329      0.2319  
n185                           2.542    0.860    0.1415      0.2177  
n186                           1.909    0.182    0.1857      0.2145  
n122                           3.989    0.119    0.0881      0.2127  
n137                           3.941    0.880    0.0872      0.2080  
net112786                      1.894    0.170    0.1708      0.1957  
n161                           1.972    0.837    0.1521      0.1815  
n157                           1.974    0.155    0.1312      0.1566  
n168                           1.972    0.845    0.1312      0.1565  
n183                           1.972    0.845    0.1312      0.1565  
n167                           4.631    0.045    0.0499      0.1399  
n172                           1.980    0.924    0.1157      0.1387  
n120                           2.883    0.102    0.0743      0.1296  
n147                           2.721    0.106    0.0762      0.1255  
n173                           1.980    0.936    0.1043      0.1249  
n178                           1.980    0.944    0.0971      0.1164  
n176                           1.980    0.943    0.0963      0.1154  
n175                           1.980    0.946    0.0954      0.1143  
n177                           1.980    0.945    0.0951      0.1140  
n174                           1.980    0.947    0.0949      0.1137  
net112959                      2.010    0.880    0.0872      0.1061  
n146                           2.542    0.097    0.0685      0.1053  
n82                            1.972    0.893    0.0778      0.0928  
n145                           1.972    0.109    0.0755      0.0901  
n46                            1.438    0.132    0.1005      0.0874  
n139                           1.882    0.894    0.0753      0.0858  
net112845                      6.018    0.015    0.0220      0.0802  
n42                            1.438    0.118    0.0885      0.0770  
n138                           1.882    0.903    0.0676      0.0769  
n39                            1.438    0.120    0.0879      0.0765  
n41                            1.438    0.121    0.0875      0.0761  
n40                            1.438    0.113    0.0863      0.0751  
n44                            1.438    0.118    0.0851      0.0740  
n169                           1.909    0.050    0.0622      0.0718  
n156                           6.087    0.985    0.0179      0.0661  
n43                            1.438    0.107    0.0756      0.0658  
n164                           2.542    0.046    0.0399      0.0614  
n135                           1.972    0.955    0.0499      0.0596  
n180                           1.882    0.045    0.0499      0.0569  
SHIFTC                         4.750    0.011    0.0195      0.0560  
net112844                      4.061    0.015    0.0220      0.0541  
net112812                      4.074    0.011    0.0195      0.0481  
net112926                      3.189    0.996    0.0220      0.0425  
n151                           3.988    0.005    0.0176      0.0424  
n166                           1.980    0.965    0.0259      0.0310  
net112788                      1.980    0.993    0.0238      0.0285  
n182                           2.024    0.985    0.0220      0.0270  
net112781                      1.974    0.985    0.0220      0.0263  
net112793                      1.974    0.985    0.0220      0.0263  
n31                            1.972    0.979    0.0216      0.0258  
n48                            1.438    0.023    0.0247      0.0215  
n149                           3.988    0.002    0.0085      0.0205  
net112927                      1.974    0.007    0.0158      0.0188  
net112784                      1.980    0.996    0.0146      0.0175  
n51                            1.438    0.006    0.0197      0.0171  
net112783                      1.882    0.992    0.0149      0.0169  
net112791                      1.931    0.996    0.0137      0.0160  
n50                            1.438    0.008    0.0158      0.0137  
n187                           1.960    0.998    0.0104      0.0124  
n150                           1.284    0.007    0.0158      0.0123  
n49                            1.438    0.002    0.0101      0.0088  
C                              0.310    0.021    0.0225      0.0042  
net112780                      1.980    1.000    0.0000      0.0000  
net112792                      1.900    1.000    0.0000      0.0000  
--------------------------------------------------------------------------------
Total (77 nets)                                             15.2284 uW
1
