Information: Updating design information... (UID-85)
Information: Propagating switching activity (low effort zero delay simulation). (PWR-6)
Warning: Design has unannotated primary inputs. (PWR-414)
Warning: Design has unannotated sequential cell outputs. (PWR-415)
 
****************************************
Report : power
        -analysis_effort low
Design : SIPISOALU
Version: F-2011.09-SP3
Date   : Thu May  9 14:41:34 2019
****************************************


Library(s) Used:

    NangateOpenCellLibrary (File: /home/mariagrazia.graziano/do/libnangate/NangateOpenCellLibrary_typical_ecsm.db)


Operating Conditions: typical   Library: NangateOpenCellLibrary
Wire Load Model Mode: top

Design        Wire Load Model            Library
------------------------------------------------
SIPISOALU              5K_hvratio_1_1    NangateOpenCellLibrary


Global Operating Voltage = 1.1  
Power-specific unit information :
    Voltage Units = 1V
    Capacitance Units = 1.000000ff
    Time Units = 1ns
    Dynamic Power Units = 1uW    (derived from V,C,T units)
    Leakage Power Units = 1nW


  Cell Internal Power  = 315.3167 uW   (85%)
  Net Switching Power  =  55.0312 uW   (15%)
                         ---------
Total Dynamic Power    = 370.3478 uW  (100%)

Cell Leakage Power     =   4.1392 uW


                 Internal         Switching           Leakage            Total
Power Group      Power            Power               Power              Power   (   %    )  Attrs
--------------------------------------------------------------------------------------------------
io_pad             0.0000            0.0000            0.0000            0.0000  (   0.00%)
memory             0.0000            0.0000            0.0000            0.0000  (   0.00%)
black_box          0.0000            0.0000            0.0000            0.0000  (   0.00%)
clock_network      0.0000            0.0000            0.0000            0.0000  (   0.00%)
register         279.5285           11.4565        1.3061e+03          292.2911  (  78.05%)
sequential         0.0000            0.0000            0.0000            0.0000  (   0.00%)
combinational     35.7881           43.5746        2.8331e+03           82.1959  (  21.95%)
--------------------------------------------------------------------------------------------------
Total            315.3166 uW        55.0312 uW     4.1392e+03 nW       374.4871 uW
1
