 
****************************************
Report : area
Design : Booth
Version: F-2011.09-SP3
Date   : Sat Jun 15 17:03:23 2019
****************************************

Library(s) Used:

    NangateOpenCellLibrary (File: /home/mariagrazia.graziano/do/libnangate/NangateOpenCellLibrary_typical_ecsm.db)

Number of ports:                          130
Number of nets:                          2171
Number of cells:                           24
Number of combinational cells:              6
Number of sequential cells:                 0
Number of macros:                           0
Number of buf/inv:                          6
Number of references:                      19

Combinational area:       15225.573978
Noncombinational area:    2962.176025
Net Interconnect area:      undefined  (Wire load has zero net area)

Total cell area:          18187.750003
Total area:                 undefined
1
