Information: Updating design information... (UID-85)
Warning: Design 'register_file' contains 1 high-fanout nets. A fanout number of 1000 will be used for delay calculations involving these nets. (TIM-134)
 
****************************************
Report : timing
        -path full
        -delay max
        -max_paths 1
Design : register_file
Version: F-2011.09-SP3
Date   : Sun Apr 28 17:38:32 2019
****************************************

 # A fanout number of 1000 was used for high fanout net computations.

Operating Conditions: typical   Library: NangateOpenCellLibrary
Wire Load Model Mode: top

  Startpoint: REGISTERS_reg[21][0]
              (rising edge-triggered flip-flop clocked by CLK)
  Endpoint: OUT2_reg[0]
            (rising edge-triggered flip-flop clocked by CLK)
  Path Group: CLK
  Path Type: max

  Des/Clust/Port     Wire Load Model       Library
  ------------------------------------------------
  register_file      5K_hvratio_1_1        NangateOpenCellLibrary

  Point                                    Incr       Path
  -----------------------------------------------------------
  clock CLK (rise edge)                    0.00       0.00
  clock network delay (ideal)              0.00       0.00
  REGISTERS_reg[21][0]/CK (DFF_X1)         0.00 #     0.00 r
  REGISTERS_reg[21][0]/Q (DFF_X1)          0.08       0.08 f
  U21151/ZN (AOI222_X1)                    0.10       0.18 r
  U21354/ZN (OAI221_X1)                    0.06       0.24 f
  U21351/ZN (NOR4_X1)                      0.07       0.31 r
  U24153/ZN (NAND4_X1)                     0.05       0.35 f
  OUT2_reg[0]/D (DFF_X1)                   0.01       0.36 f
  data arrival time                                   0.36

  clock CLK (rise edge)                    2.00       2.00
  clock network delay (ideal)              0.00       2.00
  OUT2_reg[0]/CK (DFF_X1)                  0.00       2.00 r
  library setup time                      -0.04       1.96
  data required time                                  1.96
  -----------------------------------------------------------
  data required time                                  1.96
  data arrival time                                  -0.36
  -----------------------------------------------------------
  slack (MET)                                         1.59


1
