 
****************************************
Report : power
        -cell
        -analysis_effort low
        -sort_mode cell_internal_power
Design : SIPISOALU_N32
Version: F-2011.09-SP3
Date   : Sat May  4 15:20:08 2019
****************************************


Library(s) Used:

    NangateOpenCellLibrary (File: /home/mariagrazia.graziano/do/libnangate/NangateOpenCellLibrary_typical_ecsm.db)


Operating Conditions: typical   Library: NangateOpenCellLibrary
Wire Load Model Mode: top

Design        Wire Load Model            Library
------------------------------------------------
SIPISOALU_N32          5K_hvratio_1_1    NangateOpenCellLibrary


Global Operating Voltage = 1.1  
Power-specific unit information :
    Voltage Units = 1V
    Capacitance Units = 1.000000ff
    Time Units = 1ns
    Dynamic Power Units = 1uW    (derived from V,C,T units)
    Leakage Power Units = 1nW



  Attributes
  ----------
      h  -  Hierarchical cell

                        Cell      Driven Net  Tot Dynamic      Cell
                        Internal  Switching   Power            Leakage
Cell                    Power     Power       (% Cell/Tot)     Power      Attrs
--------------------------------------------------------------------------------
control                  119.9012       N/A        N/A (N/A)   1854.5103  h
add_88                    38.6682       N/A        N/A (N/A)   9622.7393  h
PISO_reg[29]              19.0784    0.0687     19.147 (100%)    79.5594   
PISO_reg[30]              19.0277    0.0502     19.078 (100%)    79.4958   
PISO_reg[15]              18.8537    0.0762     18.930 (100%)   116.0075   
PISO_reg[7]               18.8521    0.0770     18.929 (100%)   116.0152   
SIPO_reg[29]              18.8507    0.0196     18.870 (100%)    79.4622   
SIPO_reg[30]              18.8414    0.0145     18.856 (100%)    79.4900   
SIPO_reg[28]              18.8406    0.0235     18.864 (100%)    79.4905   
PISO_reg[21]              18.8269    0.0725     18.899 (100%)   116.0478   
PISO_reg[19]              18.8235    0.0747     18.898 (100%)   116.0663   
SIPO_reg[26]              18.8220    0.0274     18.849 (100%)    79.5194   
SIPO_reg[27]              18.8212    0.0259     18.847 (100%)    79.5175   
SIPO_reg[19]              18.8202    0.0462     18.866 (100%)    79.5639   
PISO_reg[27]              18.8188    0.0737     18.892 (100%)    79.9826   
SIPO_reg[22]              18.8187    0.0290     18.848 (100%)    79.5317   
SIPO_reg[24]              18.8164    0.0326     18.849 (100%)    79.5445   
SIPO_reg[25]              18.8157    0.0272     18.843 (100%)    79.5331   
SIPO_reg[23]              18.8134    0.0259     18.839 (100%)    79.5315   
PISO_reg[6]               18.8080    0.0772     18.885 (100%)    80.0191   
SIPO_reg[20]              18.8070    0.0343     18.841 (100%)    79.5750   
PISO_reg[16]              18.8042    0.0777     18.882 (100%)    80.0302   
PISO_reg[20]              18.8035    0.0735     18.877 (100%)    80.0127   
SIPO_reg[21]              18.7975    0.0280     18.825 (100%)    79.5599   
PISO_reg[4]               18.7969    0.0739     18.871 (100%)    80.0288   
SIPO_reg[12]              18.7947    0.0512     18.846 (100%)    79.7175   
PISO_reg[17]              18.7938    0.0772     18.871 (100%)   116.1851   
PISO_reg[24]              18.7921    0.0772     18.869 (100%)   116.1763   
PISO_reg[12]              18.7886    0.0760     18.865 (100%)   116.1628   
SIPO_reg[18]              18.7880    0.0353     18.823 (100%)    79.5973   
PISO_reg[13]              18.7845    0.0787     18.863 (100%)   116.2507   
SIPO_reg[10]              18.7836    0.0910     18.875 (100%)    79.8156   
SIPO_reg[11]              18.7764    0.1014     18.878 (99%)     79.7903   
PISO_reg[0]               18.7693    0.0437     18.813 (100%)    80.0681   
PISO_reg[1]               18.7677    0.0741     18.842 (100%)    80.0638   
PISO_reg[18]              18.7664    0.0737     18.840 (100%)   116.1765   
PISO_reg[9]               18.7640    0.0710     18.835 (100%)    80.0471   
SIPO_reg[17]              18.7589    0.0361     18.795 (100%)    79.6433   
SIPO_reg[13]              18.7579    0.0447     18.803 (100%)    79.7331   
PISO_reg[28]              18.7562    0.0775     18.834 (100%)    80.0974   
PISO_reg[8]               18.7552    0.0766     18.832 (100%)    80.0969   
SIPO_reg[16]              18.7546    0.0660     18.821 (100%)    79.6665   
PISO_reg[23]              18.7535    0.0787     18.832 (100%)    80.0970   
PISO_reg[2]               18.7527    0.0750     18.828 (100%)    80.0873   
SIPO_reg[9]               18.7523    0.0824     18.835 (100%)    79.9510   
PISO_reg[31]              18.7520    0.0354     18.787 (100%)   115.3389   
PISO_reg[25]              18.7502    0.0772     18.827 (100%)    80.1011   
PISO_reg[10]              18.7464    0.0687     18.815 (100%)   116.1644   
PISO_reg[26]              18.7439    0.0789     18.823 (100%)   116.3340   
SIPO_reg[5]               18.7436    0.2688     19.012 (99%)    104.9111   
PISO_reg[22]              18.7433    0.0725     18.816 (100%)    80.0725   
SIPO_reg[14]              18.7397    0.0516     18.791 (100%)    79.7323   
SIPO_reg[15]              18.7304    0.0330     18.763 (100%)    79.7173   
PISO_reg[14]              18.7266    0.0831     18.810 (100%)    80.1741   
PISO_reg[5]               18.7187    0.0770     18.796 (100%)    80.1371   
PISO_reg[11]              18.6974    0.0710     18.768 (100%)    80.1320   
PISO_reg[3]               18.6945    0.0758     18.770 (100%)    80.1738   
SIPO_reg[8]               18.6890    0.1432     18.832 (99%)     80.1111   
SIPO_reg[7]               18.6509    0.2109     18.862 (99%)     80.2224   
SIPO_reg[6]               18.5480    0.1706     18.719 (99%)     80.4421   
SIPO_reg[4]               18.4305    0.3166     18.747 (98%)     80.8484   
SIPO_reg[3]               18.3805    0.3427     18.723 (98%)     81.0478   
SIPO_reg[2]               17.9914    0.3787     18.370 (98%)     81.7099   
PIPO_reg[27]              17.9510    0.2953     18.246 (98%)     81.7908   
SIPO_reg[1]               17.9491    0.6131     18.562 (97%)     81.8858   
PIPO_reg[1]               17.9477    0.4413     18.389 (98%)     81.8410   
PIPO_reg[30]              17.9394    0.2927     18.232 (98%)     81.8105   
PIPO_reg[10]              17.9366    0.1938     18.130 (99%)     81.7998   
PIPO_reg[0]               17.9337    0.3740     18.308 (98%)     81.7966   
PIPO_reg[8]               17.9139    0.4415     18.355 (98%)     81.8582   
PIPO_reg[4]               17.9079    0.3525     18.260 (98%)     81.8197   
SIPO_reg[0]               17.8857    0.6522     18.538 (96%)     82.1052   
PIPO_reg[19]              17.8503    0.2868     18.137 (98%)     81.8829   
PIPO_reg[3]               17.8492    0.2901     18.139 (98%)     81.8802   
PIPO_reg[2]               17.8482    0.4335     18.282 (98%)     81.8338   
PIPO_reg[5]               17.8159    0.2012     18.017 (99%)     81.9452   
PIPO_reg[7]               17.8132    0.3498     18.163 (98%)     82.0004   
PIPO_reg[16]              17.8107    0.2789     18.090 (98%)     81.8861   
PIPO_reg[24]              17.8099    0.3050     18.115 (98%)     81.9719   
PIPO_reg[12]              17.8084    0.3985     18.207 (98%)     81.9469   
PIPO_reg[25]              17.8035    0.2931     18.097 (98%)     81.9384   
PIPO_reg[13]              17.7988    0.1969     17.996 (99%)     81.9443   
PIPO_reg[28]              17.7975    0.2945     18.092 (98%)     81.9641   
PIPO_reg[14]              17.7956    0.2080     18.004 (99%)     82.0010   
PIPO_reg[15]              17.7913    0.2928     18.084 (98%)     81.9429   
PIPO_reg[23]              17.7899    0.2959     18.086 (98%)     81.9445   
PIPO_reg[22]              17.7795    0.2913     18.071 (98%)     81.9547   
PIPO_reg[20]              17.7663    0.3924     18.159 (98%)     81.9763   
PIPO_reg[11]              17.7637    0.3253     18.089 (98%)     82.0001   
PIPO_reg[18]              17.7598    0.3012     18.061 (98%)     82.0154   
PIPO_reg[9]               17.7342    0.3254     18.060 (98%)     81.9966   
PIPO_reg[21]              17.7220    0.3033     18.025 (98%)     82.0357   
PIPO_reg[31]              17.7072    0.2383     17.946 (99%)     82.0339   
PIPO_reg[26]              17.6891    0.3019     17.991 (98%)     82.0644   
PIPO_reg[29]              17.6812    0.2965     17.978 (98%)     82.0426   
PIPO_reg[17]              17.6692    0.5349     18.204 (97%)     82.0812   
PIPO_reg[6]               17.6638    0.4684     18.132 (97%)     82.1582   
U660                       0.9624    3.8585      4.821 (20%)     34.6285   
U658                       0.7224    4.0827      4.805 (15%)     24.9526   
U659                       0.7222    4.0381      4.760 (15%)     24.9526   
U703                       0.6030    7.4951      8.098 (7%)      11.2141   
U704                       0.5999    6.8489      7.449 (8%)      11.2141   
U709                       0.5641    3.9892      4.553 (12%)     11.2141   
U708                       0.5640    5.1898      5.754 (10%)     11.2141   
U707                       0.5632    4.4135      4.977 (11%)     11.2141   
U700                       0.5622    4.8334      5.396 (10%)     11.2141   
U662                       0.3785    2.4209      2.799 (14%)     12.2716   
U649                       0.3227    2.8015      3.124 (10%)     12.4177   
U655                       0.3227    2.8015      3.124 (10%)     12.4177   
U644                       0.3214    2.4392      2.761 (12%)     12.4177   
U645                       0.3214    2.4392      2.761 (12%)     12.4177   
U648                       0.3213    2.3979      2.719 (12%)     12.4177   
U694                       0.2649    4.8940      5.159 (5%)      14.3532   
U407                       0.1998    0.0990      0.299 (67%)     36.0496   
U408                       0.1937    0.1550      0.349 (56%)      8.1041   
U516                       0.1911    0.1305      0.322 (59%)      6.8207   
U518                       0.1896    0.1294      0.319 (59%)      6.8207   
U508                       0.1891    0.1291      0.318 (59%)      6.8207   
U502                       0.1880    0.1284      0.316 (59%)      6.8207   
U482                       0.1860    0.1270      0.313 (59%)      6.8207   
U474                       0.1846    0.1266      0.311 (59%)      6.8207   
U496                       0.1842    0.1258      0.310 (59%)      6.8207   
U514                       0.1832    0.1251      0.308 (59%)      6.8207   
U528                       0.1827    0.1247      0.307 (59%)      6.8207   
U504                       0.1820    0.1242      0.306 (59%)      6.8207   
U488                       0.1817    0.1240      0.306 (59%)      6.8207   
U470                       0.1816    0.1246      0.306 (59%)      6.8207   
U478                       0.1812    0.1243      0.306 (59%)      6.8207   
U494                       0.1808    0.1235      0.304 (59%)      6.8207   
U506                       0.1804    0.1232      0.304 (59%)      6.8207   
U484                       0.1800    0.1235      0.303 (59%)      6.8207   
U490                       0.1798    0.1228      0.303 (59%)      6.8207   
U486                       0.1797    0.1227      0.302 (59%)      6.8207   
U492                       0.1794    0.1225      0.302 (59%)      6.8207   
U512                       0.1790    0.1222      0.301 (59%)      6.8207   
U524                       0.1790    0.1222      0.301 (59%)      6.8207   
U520                       0.1784    0.1218      0.300 (59%)      6.8207   
U500                       0.1777    0.1213      0.299 (59%)      6.8207   
U476                       0.1776    0.1218      0.299 (59%)      6.8207   
U480                       0.1776    0.1218      0.299 (59%)      6.8207   
U530                       0.1770    0.1209      0.298 (59%)      6.8207   
U510                       0.1767    0.1207      0.297 (59%)      6.8207   
U468                       0.1765    0.1263      0.303 (58%)     14.8668   
U498                       0.1759    0.1201      0.296 (59%)      6.8207   
U522                       0.1759    0.1201      0.296 (59%)      6.8207   
U472                       0.1759    0.1207      0.297 (59%)      6.8207   
U526                       0.1753    0.1197      0.295 (59%)      6.8207   
U410                       0.1721    0.1387      0.311 (55%)      6.3581   
U517                       0.1719    0.0854      0.257 (67%)     36.2668   
U515                       0.1703    0.0846      0.255 (67%)     36.2547   
U409                       0.1684    0.0835      0.252 (67%)     36.5019   
U501                       0.1680    0.0833      0.251 (67%)     36.2812   
U507                       0.1670    0.0828      0.250 (67%)     36.3294   
U481                       0.1669    0.0829      0.250 (67%)     36.2975   
U503                       0.1646    0.0815      0.246 (67%)     36.4249   
U513                       0.1639    0.0815      0.245 (67%)     36.3813   
U487                       0.1638    0.0817      0.246 (67%)     36.4197   
U519                       0.1635    0.0811      0.245 (67%)     36.4373   
U527                       0.1631    0.0812      0.244 (67%)     36.4034   
U477                       0.1630    0.0808      0.244 (67%)     36.2991   
U485                       0.1626    0.0806      0.243 (67%)     36.3343   
U633                       0.1626    0.4718      0.634 (26%)     24.8375   
U636                       0.1626    0.4718      0.634 (26%)     24.8375   
U495                       0.1624    0.0806      0.243 (67%)     36.2803   
U473                       0.1623    0.0805      0.243 (67%)     36.3452   
U467                       0.1622    0.0802      0.242 (67%)     36.3087   
U505                       0.1621    0.0804      0.243 (67%)     36.4292   
U475                       0.1618    0.0806      0.242 (67%)     36.5033   
U469                       0.1612    0.0801      0.241 (67%)     36.3637   
U493                       0.1611    0.0803      0.241 (67%)     36.3192   
U635                       0.1610    0.3156      0.477 (34%)     24.8375   
U489                       0.1609    0.0801      0.241 (67%)     36.3663   
U491                       0.1603    0.0795      0.240 (67%)     36.4508   
U479                       0.1602    0.0794      0.240 (67%)     36.3489   
U509                       0.1600    0.0793      0.239 (67%)     36.4609   
U499                       0.1597    0.0792      0.239 (67%)     36.3907   
U471                       0.1596    0.0793      0.239 (67%)     36.3707   
U483                       0.1595    0.0792      0.239 (67%)     36.3234   
U529                       0.1594    0.0792      0.239 (67%)     36.5287   
U497                       0.1588    0.0787      0.237 (67%)     36.4945   
U412                       0.1582    0.1275      0.286 (55%)      6.1008   
U523                       0.1582    0.0785      0.237 (67%)     36.3635   
U511                       0.1575    0.0780      0.236 (67%)     36.3383   
U521                       0.1564    0.0778      0.234 (67%)     36.4549   
U525                       0.1528    0.0757      0.229 (67%)     36.4332   
U411                       0.1505    0.0744      0.225 (67%)     36.9029   
U661                       0.1362    0.2602      0.396 (34%)     47.1865   
U413                       0.1156    0.0577      0.173 (67%)     37.3628   
U414                       0.1150    0.0927      0.208 (55%)      5.8991   
U701                       0.1046    0.0286      0.133 (79%)     28.5992   
U416                       0.0970    0.0781      0.175 (55%)      5.1716   
U415                       0.0959    0.0479      0.144 (67%)     37.6482   
U686                       0.0947    0.1188      0.214 (44%)     17.5830   
U668                       0.0861    0.0529      0.139 (62%)     12.5990   
U418                       0.0846    0.0681      0.153 (55%)      4.9703   
U417                       0.0844    0.0584      0.143 (59%)     37.8839   
U698                       0.0830    0.1042      0.187 (44%)     17.6774   
U731                       0.0810    0.0330      0.114 (71%)      8.8854   
U647                       0.0809    0.2113      0.292 (28%)     17.6260   
U785                       0.0799    0.0323      0.112 (71%)      8.7186   
U801                       0.0797    0.0324      0.112 (71%)      8.6241   
U656                       0.0786    0.3129      0.392 (20%)     17.6500   
U646                       0.0785    0.1014      0.180 (44%)     11.0784   
U643                       0.0771    0.0622      0.139 (55%)     28.3749   
U782                       0.0770    0.0313      0.108 (71%)      8.8843   
U654                       0.0770    0.3008      0.378 (20%)     17.6499   
U650                       0.0759    0.0980      0.174 (44%)     11.0544   
U695                       0.0758    0.3054      0.381 (20%)     17.7142   
U725                       0.0751    0.0344      0.110 (69%)     28.3157   
U642                       0.0747    0.0341      0.109 (69%)     28.2857   
U627                       0.0744    0.1340      0.208 (36%)     30.7418   
U652                       0.0743    0.0959      0.170 (44%)     11.0546   
U676                       0.0733    0.0920      0.165 (44%)     17.7513   
U657                       0.0731    0.0944      0.167 (44%)     10.9902   
U760                       0.0728    0.0334      0.106 (69%)     28.3184   
U748                       0.0716    0.0318      0.103 (69%)     28.3119   
U763                       0.0716    0.0329      0.104 (69%)     28.2945   
U757                       0.0707    0.0324      0.103 (69%)     28.3046   
U663                       0.0707    0.2196      0.290 (24%)     23.5299   
U637                       0.0707    0.2196      0.290 (24%)     23.5299   
U664                       0.0707    0.2196      0.290 (24%)     23.5299   
U697                       0.0707    0.2196      0.290 (24%)     23.5299   
U713                       0.0705    0.0324      0.103 (69%)     28.3133   
U745                       0.0702    0.0313      0.101 (69%)     28.2956   
U751                       0.0701    0.0312      0.101 (69%)     28.2874   
U788                       0.0700    0.0322      0.102 (68%)     28.2860   
U742                       0.0699    0.0311      0.101 (69%)     28.3185   
U769                       0.0696    0.0318      0.101 (69%)     28.3007   
U797                       0.0693    0.0317      0.101 (69%)     28.2851   
U729                       0.0693    0.0317      0.101 (69%)     28.2777   
U733                       0.0691    0.0306   9.97e-02 (69%)     28.3005   
U739                       0.0690    0.0307   9.97e-02 (69%)     28.3085   
U754                       0.0688    0.0316      0.100 (69%)     28.2815   
U420                       0.0686    0.0552      0.124 (55%)      4.8089   
U778                       0.0686    0.0316      0.100 (68%)     28.5868   
U419                       0.0684    0.0340      0.102 (67%)     38.0921   
U766                       0.0683    0.0313   9.95e-02 (69%)     28.3053   
U736                       0.0676    0.0300   9.76e-02 (69%)     28.3005   
U775                       0.0670    0.0307   9.76e-02 (69%)     28.2845   
U719                       0.0662    0.0294   9.56e-02 (69%)     28.3048   
U772                       0.0662    0.0304   9.66e-02 (69%)     28.2864   
U722                       0.0644    0.0295   9.39e-02 (69%)     28.3042   
U716                       0.0609    0.0280   8.89e-02 (69%)     28.2966   
U626                       0.0570    0.3995      0.456 (12%)     37.1102   
U675                       0.0564    0.0707      0.127 (44%)     18.0180   
U632                       0.0545    0.0249   7.94e-02 (69%)     28.1920   
U727                       0.0526    0.0329   8.55e-02 (61%)     36.1225   
U762                       0.0508    0.0319   8.26e-02 (61%)     36.1775   
U792                       0.0499    0.0313   8.12e-02 (61%)     36.2369   
U732                       0.0493    0.0309   8.02e-02 (61%)     36.2360   
U730                       0.0488    0.0305   7.93e-02 (62%)     36.4345   
U423                       0.0487    0.0245   7.32e-02 (67%)     38.3929   
U787                       0.0487    0.0304   7.91e-02 (62%)     36.0833   
U784                       0.0486    0.0305   7.91e-02 (61%)     36.2547   
U803                       0.0486    0.0303   7.89e-02 (62%)     36.2199   
U765                       0.0485    0.0303   7.88e-02 (62%)     36.3269   
U768                       0.0484    0.0305   7.89e-02 (61%)     36.2537   
U667                       0.0483    0.0606      0.109 (44%)     18.0918   
U756                       0.0478    0.0300   7.78e-02 (61%)     36.4333   
U759                       0.0477    0.0298   7.74e-02 (62%)     36.2725   
U777                       0.0468    0.0295   7.63e-02 (61%)     36.3860   
U771                       0.0468    0.0291   7.58e-02 (62%)     36.2526   
U674                       0.0466    0.0671      0.114 (41%)     10.6018   
U774                       0.0466    0.0293   7.59e-02 (61%)     36.3493   
U753                       0.0466    0.0306   7.72e-02 (60%)     36.7980   
U799                       0.0466    0.0291   7.57e-02 (62%)     36.3710   
U715                       0.0465    0.0291   7.56e-02 (62%)     36.1801   
U790                       0.0464    0.0289   7.53e-02 (62%)     36.3939   
U780                       0.0463    0.0289   7.52e-02 (62%)     36.2699   
U738                       0.0459    0.0302   7.60e-02 (60%)     36.7787   
U721                       0.0458    0.0301   7.59e-02 (60%)     36.7555   
U424                       0.0458    0.0370   8.28e-02 (55%)      4.3553   
U735                       0.0456    0.0300   7.57e-02 (60%)     36.7768   
U744                       0.0455    0.0300   7.54e-02 (60%)     36.7170   
U741                       0.0451    0.0297   7.48e-02 (60%)     36.7648   
U747                       0.0451    0.0297   7.48e-02 (60%)     36.7941   
U750                       0.0448    0.0296   7.44e-02 (60%)     36.7375   
U724                       0.0443    0.0278   7.21e-02 (61%)     36.2618   
U718                       0.0433    0.0272   7.06e-02 (61%)     36.2969   
U425                       0.0430    0.0215   6.45e-02 (67%)     38.5058   
U631                       0.0418    0.0268   6.87e-02 (61%)     37.0077   
U426                       0.0418    0.0337   7.55e-02 (55%)      4.2491   
U641                       0.0378    0.0173   5.51e-02 (69%)     27.9355   
U427                       0.0340    0.0170   5.10e-02 (67%)     38.6075   
U428                       0.0336    0.0271   6.07e-02 (55%)      4.0998   
U800                       0.0298    0.0193   4.91e-02 (61%)     37.0852   
U640                       0.0294    0.4787      0.508 (6%)      18.5551   
U639                       0.0293    0.2939      0.323 (9%)      18.5551   
U638                       0.0293    0.1737      0.203 (14%)     10.1513   
U634                       0.0292    0.1015      0.131 (22%)     10.2752   
U429                       0.0292    0.0147   4.38e-02 (67%)     38.6701   
U761                       0.0278    0.0193   4.71e-02 (59%)      3.6836   
U752                       0.0277    0.0199   4.77e-02 (58%)      3.7028   
U673                       0.0276    0.0589   8.65e-02 (32%)     18.3173   
U430                       0.0270    0.0217   4.88e-02 (55%)      3.9763   
U749                       0.0264    0.0190   4.53e-02 (58%)      3.7035   
U746                       0.0260    0.0188   4.48e-02 (58%)      3.7049   
U672                       0.0260    0.0326   5.86e-02 (44%)     18.3562   
U740                       0.0259    0.0188   4.47e-02 (58%)      3.7194   
U755                       0.0258    0.0180   4.38e-02 (59%)      3.6960   
U767                       0.0258    0.0197   4.54e-02 (57%)      6.0724   
U743                       0.0257    0.0186   4.43e-02 (58%)      3.7157   
U432                       0.0251    0.0202   4.53e-02 (55%)      3.9558   
U431                       0.0249    0.0124   3.74e-02 (67%)     38.7150   
U758                       0.0249    0.0172   4.22e-02 (59%)      3.6827   
U726                       0.0249    0.0189   4.38e-02 (57%)      3.6850   
U764                       0.0247    0.0171   4.18e-02 (59%)      3.6814   
U791                       0.0247    0.0193   4.40e-02 (56%)      3.6830   
U630                       0.0247    0.0195   4.41e-02 (56%)      3.6852   
U720                       0.0243    0.0192   4.35e-02 (56%)      3.6915   
U734                       0.0240    0.0188   4.28e-02 (56%)      3.9467   
U690                       0.0240    0.0187   4.27e-02 (56%)      3.6825   
U737                       0.0234    0.0186   4.20e-02 (56%)      3.7273   
U776                       0.0233    0.0182   4.14e-02 (56%)      3.6832   
U786                       0.0231    0.0176   4.07e-02 (57%)      5.9673   
U628                       0.0227    0.0180   4.07e-02 (56%)      3.6827   
U770                       0.0225    0.0156   3.81e-02 (59%)      3.6825   
U728                       0.0225    0.0171   3.95e-02 (57%)      3.6824   
U773                       0.0223    0.0174   3.98e-02 (56%)      3.6807   
U783                       0.0223    0.0174   3.98e-02 (56%)      3.6831   
U434                       0.0222    0.0179   4.01e-02 (55%)      3.8892   
U433                       0.0219    0.0109   3.28e-02 (67%)     38.7370   
U723                       0.0219    0.0167   3.86e-02 (57%)      3.6832   
U779                       0.0218    0.0171   3.89e-02 (56%)      3.6813   
U798                       0.0218    0.0171   3.89e-02 (56%)      3.6799   
U717                       0.0217    0.0165   3.82e-02 (57%)      3.6897   
U699                       0.0217    0.0278   4.95e-02 (44%)     10.2934   
U714                       0.0216    0.0169   3.84e-02 (56%)      3.6892   
U802                       0.0211    0.0165   3.76e-02 (56%)      3.6793   
U789                       0.0209    0.0163   3.72e-02 (56%)      3.6772   
U666                       0.0207    0.0545   7.52e-02 (28%)     18.4110   
U629                       0.0202    0.0160   3.61e-02 (56%)      3.6773   
U436                       0.0198    0.0160   3.57e-02 (55%)      3.9059   
U435                       0.0191 9.502e-03   2.86e-02 (67%)     38.7565   
U696                       0.0188    0.0141   3.29e-02 (57%)     37.1693   
U437                       0.0167 8.245e-03   2.49e-02 (67%)     38.7757   
U438                       0.0162    0.0140   3.03e-02 (54%)      3.9059   
U665                       0.0162    0.0203   3.65e-02 (44%)     18.4563   
U671                       0.0161    0.0201   3.62e-02 (44%)     18.4638   
U439                       0.0145 7.127e-03   2.16e-02 (67%)     38.7949   
U440                       0.0139    0.0121   2.61e-02 (53%)      3.8938   
U670                       0.0135    0.0523   6.58e-02 (21%)     18.4882   
U445                       0.0127 6.428e-03   1.92e-02 (66%)     38.8429   
U442                       0.0123    0.0106   2.29e-02 (54%)      3.8461   
U653                       0.0123    0.0157   2.80e-02 (44%)     10.2163   
U448                       0.0121    0.0104   2.25e-02 (54%)      3.7516   
U441                       0.0119 5.869e-03   1.77e-02 (67%)     38.8083   
U447                       0.0118 5.869e-03   1.77e-02 (67%)     38.8455   
U669                       0.0118    0.0307   4.24e-02 (28%)     18.4821   
U443                       0.0116 5.869e-03   1.75e-02 (66%)     38.8215   
U444                       0.0109 9.430e-03   2.03e-02 (54%)      3.8255   
U450                       0.0107 9.238e-03   2.00e-02 (54%)      3.7615   
U651                       0.0106    0.0136   2.42e-02 (44%)     10.2224   
U677                       0.0106    0.0132   2.38e-02 (44%)     18.4821   
U455                       0.0103 5.170e-03   1.55e-02 (67%)     38.8785   
U458                       0.0100 8.660e-03   1.87e-02 (54%)      3.7353   
U446                    9.975e-03 8.660e-03   1.86e-02 (54%)      3.7841   
U449                    9.951e-03 4.891e-03   1.48e-02 (67%)     38.8534   
U452                    9.798e-03 8.468e-03   1.83e-02 (54%)      3.7498   
U451                    9.725e-03 4.891e-03   1.46e-02 (67%)     38.8565   
U457                    9.380e-03 4.611e-03   1.40e-02 (67%)     38.8794   
U683                    9.248e-03    0.0237   3.29e-02 (28%)     18.4865   
U460                    9.173e-03 7.890e-03   1.71e-02 (54%)      3.7247   
U453                    9.158e-03 4.611e-03   1.38e-02 (67%)     38.8678   
U459                    9.153e-03 4.611e-03   1.38e-02 (66%)     38.8803   
U454                    8.905e-03 7.698e-03   1.66e-02 (54%)      3.7243   
U462                    8.464e-03 7.313e-03   1.58e-02 (54%)      3.7137   
U461                    8.315e-03 4.192e-03   1.25e-02 (66%)     38.8896   
U464                    8.005e-03 6.928e-03   1.49e-02 (54%)      3.7112   
U405                    8.001e-03 4.052e-03   1.21e-02 (66%)     38.9269   
U456                    7.980e-03 6.928e-03   1.49e-02 (54%)      3.7236   
U463                    7.731e-03 3.913e-03   1.16e-02 (66%)     38.9048   
U680                    7.646e-03 9.591e-03   1.72e-02 (44%)     18.5386   
U682                    7.493e-03 9.399e-03   1.69e-02 (44%)     18.5115   
U466                    7.383e-03 5.966e-03   1.33e-02 (55%)      3.6858   
U679                    7.187e-03 9.015e-03   1.62e-02 (44%)     18.5350   
U465                    6.870e-03 3.493e-03   1.04e-02 (66%)     38.9216   
U406                    6.670e-03 5.389e-03   1.21e-02 (55%)      3.6603   
U681                    6.270e-03 7.864e-03   1.41e-02 (44%)     18.5267   
U692                    5.964e-03 7.481e-03   1.34e-02 (44%)     18.5393   
U689                    5.811e-03 7.289e-03   1.31e-02 (44%)     18.5485   
U678                    5.046e-03 6.330e-03   1.14e-02 (44%)     18.5486   
U687                    4.740e-03 5.946e-03   1.07e-02 (44%)     18.5525   
U688                    4.435e-03 5.563e-03   1.00e-02 (44%)     18.5534   
U691                    4.435e-03 5.563e-03   1.00e-02 (44%)     18.5489   
U693                       0.0000    0.0000      0.000 (N/A)      4.1616   
--------------------------------------------------------------------------------
Totals (386 cells)         1.937mW     N/A         N/A (N/A)     25.612uW
1
