Information: Updating design information... (UID-85)
Information: Propagating switching activity (low effort zero delay simulation). (PWR-6)
Warning: Design has unannotated primary inputs. (PWR-414)
Warning: Design has unannotated sequential cell outputs. (PWR-415)
 
****************************************
Report : power
        -analysis_effort low
Design : SIPISOALU_N32
Version: F-2011.09-SP3
Date   : Sat May  4 15:20:08 2019
****************************************


Library(s) Used:

    NangateOpenCellLibrary (File: /home/mariagrazia.graziano/do/libnangate/NangateOpenCellLibrary_typical_ecsm.db)


Operating Conditions: typical   Library: NangateOpenCellLibrary
Wire Load Model Mode: top

Design        Wire Load Model            Library
------------------------------------------------
SIPISOALU_N32          5K_hvratio_1_1    NangateOpenCellLibrary


Global Operating Voltage = 1.1  
Power-specific unit information :
    Voltage Units = 1V
    Capacitance Units = 1.000000ff
    Time Units = 1ns
    Dynamic Power Units = 1uW    (derived from V,C,T units)
    Leakage Power Units = 1nW


  Cell Internal Power  =   1.9372 mW   (92%)
  Net Switching Power  = 176.1386 uW    (8%)
                         ---------
Total Dynamic Power    =   2.1133 mW  (100%)

Cell Leakage Power     =  25.6120 uW


                 Internal         Switching           Leakage            Total
Power Group      Power            Power               Power              Power   (   %    )  Attrs
--------------------------------------------------------------------------------------------------
io_pad             0.0000            0.0000            0.0000            0.0000  (   0.00%)
memory             0.0000            0.0000            0.0000            0.0000  (   0.00%)
black_box          0.0000            0.0000            0.0000            0.0000  (   0.00%)
clock_network      0.0000            0.0000            0.0000            0.0000  (   0.00%)
register       1.8502e+03           28.7206        8.5356e+03        1.8875e+03  (  88.24%)
sequential         0.0000            0.0000            0.0000            0.0000  (   0.00%)
combinational     86.9798          147.4181        1.7076e+04          251.4741  (  11.76%)
--------------------------------------------------------------------------------------------------
Total          1.9372e+03 uW       176.1387 uW     2.5612e+04 nW     2.1389e+03 uW
1
