 
****************************************
Report : power
        -net
        -analysis_effort low
        -sort_mode net_switching_power
Design : SIPISOALU_N32
Version: F-2011.09-SP3
Date   : Sat May  4 15:20:08 2019
****************************************


Library(s) Used:

    NangateOpenCellLibrary (File: /home/mariagrazia.graziano/do/libnangate/NangateOpenCellLibrary_typical_ecsm.db)


Operating Conditions: typical   Library: NangateOpenCellLibrary
Wire Load Model Mode: top

Design        Wire Load Model            Library
------------------------------------------------
SIPISOALU_N32          5K_hvratio_1_1    NangateOpenCellLibrary


Global Operating Voltage = 1.1  
Power-specific unit information :
    Voltage Units = 1V
    Capacitance Units = 1.000000ff
    Time Units = 1ns
    Dynamic Power Units = 1uW    (derived from V,C,T units)
    Leakage Power Units = 1nW



  Attributes
  ----------
      a  -  Switching activity information annotated on net
      d  -  Default switching activity information on net

                             Total      Static   Toggle   Switching
Net                          Net Load   Prob.    Rate     Power      Attrs
--------------------------------------------------------------------------------
n882                          47.077    0.500    0.2632      7.4951  d
n883                          43.018    0.500    0.2632      6.8489  d
n887                          32.597    0.500    0.2632      5.1898  d
n965                          30.739    0.500    0.2632      4.8940  d
n879                          30.358    0.500    0.2632      4.8334  d
n886                          27.721    0.500    0.2632      4.4135  d
n899                          37.247    0.159    0.1812      4.0827  
n900                          36.840    0.159    0.1812      4.0381  
n888                          25.056    0.500    0.2632      3.9892  d
n898                          35.201    0.159    0.1812      3.8585  
n893                          29.463    0.112    0.1572      2.8015  
n895                          29.463    0.112    0.1572      2.8015  
n890                          25.653    0.112    0.1572      2.4392  
n891                          25.653    0.112    0.1572      2.4392  
n901                          22.086    0.159    0.1812      2.4209  
n892                          25.218    0.112    0.1572      2.3979  
EA                             6.648    0.159    0.1812      0.7288  
LDB                            6.012    0.112    0.1572      0.5717  
net22403                      25.523    0.006    0.0310      0.4787  
net22465                      25.159    0.980    0.0310      0.4718  
net22467                      25.159    0.980    0.0310      0.4718  
PIPO[17]                       8.977    0.119    0.0810      0.4396  
SIPO[0]                        6.720    0.120    0.0995      0.4045  
net22401                      21.300    0.006    0.0310      0.3995  
n967                           7.498    0.109    0.0872      0.3956  
SUM[0]                         1.909    0.509    0.3331      0.3847  
PIPO[6]                        6.833    0.123    0.0882      0.3645  
n865                           6.888    0.107    0.0821      0.3420  
PIPO[2]                        7.477    0.107    0.0756      0.3418  
PIPO[1]                        6.867    0.106    0.0822      0.3416  
net22469                      16.826    0.980    0.0310      0.3156  
n875                           6.211    0.112    0.0833      0.3129  
n878                           6.293    0.104    0.0802      0.3054  
PIPO[12]                       6.119    0.112    0.0817      0.3024  
n873                           6.100    0.112    0.0815      0.3008  
n874                           6.100    0.114    0.0806      0.2976  
net22405                      15.672    0.006    0.0310      0.2939  
PIPO[0]                        5.907    0.104    0.0781      0.2793  
n526                          14.278    0.006    0.0310      0.2678  
net22459                      15.128    0.015    0.0284      0.2602  
PIPO[4]                        5.429    0.105    0.0784      0.2575  
n432                           4.061    0.880    0.1008      0.2476  
PIPO[7]                        4.695    0.115    0.0871      0.2473  
SUM[1]                         1.909    0.182    0.2007      0.2318  
PIPO[9]                        4.719    0.115    0.0807      0.2304  
PIPO[11]                       4.573    0.115    0.0818      0.2262  
n996                          12.770    0.015    0.0284      0.2196  
n997                          12.768    0.015    0.0284      0.2196  
net22461                      12.768    0.015    0.0284      0.2196  
net22463                      12.768    0.015    0.0284      0.2196  
n433                           4.061    0.891    0.0885      0.2174  
SIPO[5]                        8.102    0.053    0.0443      0.2173  
n864                           4.057    0.115    0.0861      0.2113  
SUM[2]                         1.909    0.170    0.1792      0.2069  
PIPO[21]                       4.057    0.117    0.0835      0.2050  
PIPO[24]                       4.063    0.113    0.0831      0.2043  
PIPO[26]                       4.057    0.118    0.0831      0.2040  
PIPO[18]                       3.992    0.115    0.0838      0.2025  
PIPO[29]                       4.063    0.117    0.0808      0.1986  
PIPO[23]                       4.063    0.112    0.0806      0.1982  
PIPO[25]                       4.057    0.112    0.0807      0.1981  
PIPO[15]                       4.057    0.112    0.0806      0.1979  
PIPO[27]                       4.063    0.104    0.0805      0.1978  
PIPO[28]                       4.063    0.113    0.0802      0.1972  
PIPO[22]                       4.057    0.112    0.0802      0.1969  
PIPO[30]                       4.063    0.105    0.0797      0.1960  
PIPO[3]                        4.063    0.109    0.0790      0.1943  
SIPO[3]                        5.420    0.069    0.0592      0.1941  
SUM[3]                         1.909    0.164    0.1678      0.1938  
n434                           4.061    0.900    0.0783      0.1924  
PIPO[19]                       4.063    0.109    0.0781      0.1921  
SIPO[4]                        6.146    0.060    0.0508      0.1887  
n866                           4.063    0.109    0.0760      0.1868  
SIPO[2]                        3.998    0.100    0.0770      0.1863  
n861                           9.262    0.994    0.0310      0.1737  
n958                           9.760    0.034    0.0294      0.1736  
SUM[4]                         1.909    0.148    0.1475      0.1704  
SUM[5]                         1.909    0.146    0.1352      0.1562  
n732                           1.980    0.922    0.1294      0.1550  
SUM[6]                         1.909    0.145    0.1302      0.1503  
n435                           4.061    0.931    0.0605      0.1486  
SUM[7]                         1.909    0.135    0.1258      0.1453  
PIPO[31]                       2.883    0.117    0.0816      0.1423  
n733                           1.980    0.935    0.1157      0.1387  
SUM[8]                         1.909    0.128    0.1171      0.1352  
net22898                       7.791    0.015    0.0284      0.1340  
n786                           1.980    0.941    0.1089      0.1305  
n972                           6.073    0.043    0.0353      0.1298  
n787                           1.980    0.942    0.1080      0.1294  
n782                           1.980    0.943    0.1078      0.1291  
n779                           1.980    0.942    0.1071      0.1284  
n436                           4.061    0.940    0.0520      0.1279  
n734                           1.980    0.946    0.1064      0.1275  
n769                           1.980    0.942    0.1060      0.1270  
n765                           1.980    0.944    0.1057      0.1266  
n762                           1.980    0.943    0.1054      0.1263  
n776                           1.980    0.942    0.1050      0.1258  
n785                           1.980    0.944    0.1044      0.1251  
n792                           1.980    0.945    0.1041      0.1247  
n763                           1.980    0.943    0.1040      0.1246  
n767                           1.980    0.943    0.1038      0.1243  
n780                           1.980    0.946    0.1037      0.1242  
n772                           1.980    0.947    0.1035      0.1240  
n770                           1.980    0.943    0.1030      0.1235  
n775                           1.980    0.943    0.1030      0.1235  
n781                           1.980    0.946    0.1028      0.1232  
n773                           1.980    0.944    0.1025      0.1228  
n771                           1.980    0.943    0.1024      0.1227  
n774                           1.980    0.947    0.1022      0.1225  
n784                           1.980    0.944    0.1020      0.1222  
n790                           1.980    0.944    0.1020      0.1222  
n766                           1.980    0.948    0.1017      0.1218  
n768                           1.980    0.944    0.1017      0.1218  
n788                           1.980    0.947    0.1017      0.1218  
SUM[9]                         1.909    0.126    0.1054      0.1217  
n778                           1.980    0.945    0.1013      0.1213  
n793                           1.980    0.949    0.1009      0.1209  
n764                           1.980    0.945    0.1007      0.1207  
n783                           1.980    0.946    0.1007      0.1207  
n777                           1.980    0.948    0.1002      0.1201  
n789                           1.980    0.946    0.1002      0.1201  
SUM[10]                        1.909    0.116    0.1038      0.1199  
n791                           1.980    0.946    0.0999      0.1197  
n966                           1.974    0.120    0.0995      0.1188  
SUM[11]                        1.909    0.125    0.1026      0.1184  
SUM[14]                        1.909    0.119    0.0969      0.1119  
SUM[13]                        1.909    0.117    0.0953      0.1101  
SUM[12]                        1.909    0.115    0.0943      0.1089  
SUM[17]                        1.974    0.121    0.0878      0.1048  
SUM[15]                        1.909    0.115    0.0907      0.1048  
n862                           2.010    0.115    0.0861      0.1047  
SUM[26]                        1.974    0.116    0.0873      0.1043  
n1005                          1.974    0.109    0.0872      0.1042  
SUM[18]                        1.909    0.115    0.0899      0.1039  
n488                           1.972    0.877    0.0871      0.1039  
n480                           2.010    0.885    0.0850      0.1033  
SUM[21]                        1.909    0.116    0.0891      0.1029  
n487                           1.972    0.885    0.0859      0.1025  
SUM[24]                        1.909    0.116    0.0885      0.1022  
SUM[23]                        1.909    0.115    0.0881      0.1017  
net21759                       5.410    0.980    0.0310      0.1015  
SUM[28]                        1.909    0.116    0.0879      0.1015  
n863                           1.972    0.885    0.0850      0.1014  
n867                           2.010    0.112    0.0833      0.1013  
SUM[27]                        1.909    0.107    0.0875      0.1011  
n470                           1.972    0.887    0.0844      0.1007  
n489                           2.010    0.888    0.0822      0.0999  
SUM[16]                        1.909    0.113    0.0865      0.0999  
SUM[19]                        1.909    0.111    0.0863      0.0997  
n493                           1.972    0.893    0.0835      0.0996  
n486                           1.972    0.892    0.0834      0.0994  
n870                           2.010    0.112    0.0815      0.0991  
n483                           1.972    0.885    0.0830      0.0991  
n262                           1.438    0.133    0.1138      0.0990  
n476                           1.972    0.884    0.0827      0.0987  
SUM[22]                        1.909    0.113    0.0854      0.0986  
SUM[29]                        1.909    0.119    0.0854      0.0986  
SUM[25]                        1.909    0.110    0.0852      0.0984  
n473                           1.972    0.883    0.0824      0.0983  
n868                           1.972    0.888    0.0822      0.0980  
n465                           1.972    0.882    0.0821      0.0979  
SUM[20]                        1.909    0.112    0.0847      0.0978  
n468                           1.972    0.881    0.0820      0.0978  
n481                           2.010    0.888    0.0804      0.0978  
n471                           1.972    0.888    0.0819      0.0977  
n876                           2.010    0.104    0.0802      0.0976  
n467                           1.972    0.896    0.0818      0.0975  
n466                           1.972    0.887    0.0815      0.0972  
n464                           1.972    0.895    0.0810      0.0967  
SUM[31]                        1.909    0.115    0.0834      0.0964  
SUM[30]                        1.909    0.107    0.0834      0.0963  
n484                           2.010    0.895    0.0791      0.0962  
n482                           1.972    0.888    0.0806      0.0961  
n463                           1.972    0.883    0.0805      0.0960  
n871                           1.972    0.888    0.0804      0.0959  
n491                           1.972    0.891    0.0803      0.0958  
n477                           1.972    0.881    0.0798      0.0952  
n490                           1.972    0.894    0.0797      0.0950  
n469                           1.972    0.888    0.0796      0.0949  
n485                           1.972    0.885    0.0796      0.0949  
n474                           1.972    0.886    0.0795      0.0948  
n479                           1.972    0.888    0.0795      0.0948  
n475                           1.972    0.891    0.0794      0.0947  
n494                           1.972    0.895    0.0794      0.0947  
n472                           1.972    0.887    0.0791      0.0944  
n877                           1.972    0.895    0.0791      0.0944  
n735                           1.980    0.957    0.0773      0.0927  
n478                           1.972    0.891    0.0773      0.0922  
n968                           1.974    0.100    0.0770      0.0920  
n492                           1.972    0.893    0.0769      0.0917  
n206                           1.438    0.135    0.0981      0.0854  
n207                           1.438    0.127    0.0973      0.0846  
n261                           1.438    0.120    0.0960      0.0835  
n214                           1.438    0.127    0.0957      0.0833  
n720                           3.970    0.032    0.0346      0.0831  
n224                           1.438    0.125    0.0953      0.0829  
n211                           1.438    0.126    0.0952      0.0828  
n221                           1.438    0.128    0.0939      0.0817  
n208                           1.438    0.119    0.0937      0.0815  
n213                           1.438    0.123    0.0936      0.0815  
n201                           1.438    0.118    0.0933      0.0812  
n205                           1.438    0.123    0.0932      0.0811  
n226                           1.438    0.130    0.0929      0.0808  
n217                           1.438    0.131    0.0927      0.0806  
n222                           1.438    0.124    0.0926      0.0806  
n227                           1.438    0.115    0.0926      0.0806  
n228                           1.438    0.125    0.0925      0.0805  
n212                           1.438    0.124    0.0924      0.0804  
n218                           1.438    0.127    0.0924      0.0803  
n231                           1.438    0.128    0.0922      0.0802  
n220                           1.438    0.125    0.0920      0.0801  
n230                           1.438    0.116    0.0920      0.0801  
n219                           1.438    0.120    0.0914      0.0795  
n225                           1.438    0.123    0.0913      0.0794  
n210                           1.438    0.116    0.0912      0.0793  
n229                           1.438    0.128    0.0912      0.0793  
n200                           1.438    0.115    0.0911      0.0792  
n215                           1.438    0.123    0.0911      0.0792  
n223                           1.438    0.123    0.0911      0.0792  
SIPO[8]                        4.778    0.029    0.0273      0.0789  
n703                           4.009    0.033    0.0325      0.0789  
n946                           4.012    0.029    0.0324      0.0787  
n710                           3.970    0.030    0.0328      0.0787  
n216                           1.438    0.120    0.0904      0.0787  
n203                           1.438    0.120    0.0903      0.0785  
n736                           1.980    0.965    0.0652      0.0781  
n209                           1.438    0.126    0.0897      0.0780  
n204                           1.438    0.117    0.0894      0.0778  
n709                           3.970    0.026    0.0324      0.0777  
n701                           3.970    0.029    0.0323      0.0775  
n949                           4.012    0.028    0.0318      0.0772  
n962                           4.012    0.029    0.0318      0.0772  
n708                           3.970    0.028    0.0321      0.0772  
n713                           3.970    0.025    0.0321      0.0772  
n712                           3.970    0.023    0.0320      0.0770  
n714                           3.970    0.030    0.0320      0.0770  
n726                           3.970    0.028    0.0319      0.0766  
n719                           3.970    0.023    0.0317      0.0762  
n711                           3.970    0.028    0.0316      0.0760  
n716                           3.970    0.032    0.0316      0.0758  
n202                           1.438    0.117    0.0871      0.0757  
n717                           3.970    0.028    0.0312      0.0750  
n858                           3.970    0.024    0.0311      0.0747  
n260                           1.438    0.111    0.0855      0.0744  
n718                           3.970    0.027    0.0308      0.0741  
n715                           3.970    0.026    0.0308      0.0739  
n702                           3.970    0.024    0.0307      0.0737  
n707                           3.970    0.028    0.0307      0.0737  
n706                           3.970    0.025    0.0306      0.0735  
n704                           3.970    0.028    0.0302      0.0725  
n705                           3.970    0.024    0.0302      0.0725  
n727                           3.970    0.026    0.0296      0.0710  
n728                           3.970    0.030    0.0296      0.0710  
n969                           1.974    0.069    0.0592      0.0707  
n700                           3.970    0.007    0.0286      0.0687  
n725                           3.970    0.028    0.0286      0.0687  
n737                           1.980    0.971    0.0569      0.0681  
n999                           2.311    0.941    0.0480      0.0671  
n440                           4.061    0.971    0.0262      0.0643  
SIPO[11]                       6.149    0.016    0.0169      0.0627  
net21826                       3.317    0.020    0.0310      0.0622  
n970                           1.974    0.060    0.0508      0.0606  
n973                           3.309    0.034    0.0294      0.0589  
n257                           2.010    0.059    0.0480      0.0584  
n259                           1.438    0.077    0.0663      0.0577  
SIPO[16]                      11.102    0.012    0.0085      0.0572  
n738                           1.980    0.977    0.0461      0.0552  
n975                           4.093    0.022    0.0220      0.0545  
SIPO[9]                        4.063    0.022    0.0220      0.0541  
n998                           1.974    0.053    0.0443      0.0529  
n978                           6.047    0.013    0.0143      0.0523  
n437                           1.972    0.947    0.0432      0.0515  
n857                           3.970    0.005    0.0209      0.0502  
n258                           1.438    0.067    0.0551      0.0479  
SIPO[10]                       4.467    0.017    0.0170      0.0460  
n442                           4.061    0.983    0.0183      0.0450  
C                              2.283    0.027    0.0316      0.0437  
n438                           1.972    0.957    0.0342      0.0408  
n443                           4.061    0.983    0.0157      0.0387  
n439                           2.010    0.966    0.0307      0.0373  
n740                           1.980    0.984    0.0308      0.0370  
net21763                       4.053    0.003    0.0145      0.0354  
SIPO[12]                       4.063    0.013    0.0143      0.0351  
n911                           1.974    0.968    0.0288      0.0344  
net21770                       1.974    0.972    0.0286      0.0341  
n256                           1.438    0.047    0.0390      0.0340  
n741                           1.980    0.987    0.0281      0.0337  
n935                           1.974    0.970    0.0279      0.0334  
n915                           1.974    0.972    0.0276      0.0330  
n182                           1.438    0.035    0.0378      0.0329  
n937                           1.974    0.974    0.0275      0.0329  
n974                           1.974    0.029    0.0273      0.0326  
n903                           1.974    0.970    0.0271      0.0324  
n933                           1.974    0.973    0.0271      0.0324  
n964                           1.974    0.971    0.0271      0.0324  
n953                           1.974    0.967    0.0271      0.0323  
n955                           1.974    0.976    0.0270      0.0322  
n181                           1.438    0.033    0.0366      0.0319  
n941                           1.974    0.972    0.0267      0.0318  
n927                           1.909    0.970    0.0275      0.0318  
n912                           1.974    0.978    0.0266      0.0317  
n960                           1.974    0.976    0.0266      0.0317  
n948                           1.974    0.973    0.0265      0.0316  
n931                           1.974    0.978    0.0264      0.0316  
n196                           1.438    0.031    0.0360      0.0313  
n939                           1.974    0.972    0.0262      0.0313  
n951                           1.974    0.972    0.0262      0.0313  
n925                           1.909    0.975    0.0271      0.0313  
n929                           1.909    0.975    0.0270      0.0312  
n923                           1.909    0.968    0.0269      0.0311  
n191                           1.438    0.031    0.0355      0.0309  
SIPO[13]                       4.063    0.014    0.0125      0.0308  
n921                           1.909    0.972    0.0266      0.0307  
n945                           1.974    0.976    0.0257      0.0307  
n979                           4.044    0.014    0.0125      0.0307  
n917                           1.909    0.973    0.0265      0.0306  
n174                           1.438    0.028    0.0352      0.0306  
n183                           1.438    0.025    0.0351      0.0305  
n185                           1.438    0.031    0.0350      0.0305  
n192                           1.438    0.031    0.0350      0.0305  
n943                           1.974    0.975    0.0255      0.0304  
n194                           1.438    0.036    0.0349      0.0304  
n193                           1.438    0.031    0.0349      0.0303  
n184                           1.438    0.028    0.0348      0.0303  
n169                           1.438    0.030    0.0347      0.0302  
n176                           1.438    0.031    0.0346      0.0301  
n919                           1.909    0.973    0.0260      0.0300  
n168                           1.438    0.030    0.0345      0.0300  
n175                           1.438    0.025    0.0345      0.0300  
n171                           1.438    0.035    0.0345      0.0300  
n180                           1.438    0.030    0.0342      0.0298  
n170                           1.438    0.031    0.0341      0.0297  
n172                           1.438    0.028    0.0341      0.0297  
n173                           1.438    0.033    0.0340      0.0296  
n909                           1.974    0.972    0.0247      0.0295  
n189                           1.438    0.027    0.0339      0.0295  
n907                           1.909    0.972    0.0255      0.0294  
n188                           1.438    0.028    0.0336      0.0293  
SIPO[19]                       6.014    0.007    0.0080      0.0292  
n187                           1.438    0.027    0.0335      0.0291  
n186                           1.438    0.030    0.0334      0.0291  
n179                           1.438    0.033    0.0334      0.0291  
n190                           1.438    0.030    0.0332      0.0289  
n195                           1.438    0.026    0.0332      0.0289  
n255                           1.438    0.037    0.0329      0.0286  
n441                           2.010    0.977    0.0233      0.0283  
n905                           1.974    0.974    0.0235      0.0280  
n178                           1.438    0.030    0.0320      0.0278  
n1006                          1.972    0.977    0.0233      0.0278  
n177                           1.438    0.029    0.0313      0.0272  
n742                           1.980    0.990    0.0226      0.0271  
SIPO[14]                       4.044    0.014    0.0111      0.0271  
n197                           1.438    0.008    0.0308      0.0268  
SIPO[24]                       6.156    0.007    0.0069      0.0257  
net21768                       1.974    0.995    0.0209      0.0249  
n446                           4.061    0.986    0.0100      0.0245  
n254                           1.438    0.032    0.0281      0.0245  
n995                           3.998    0.014    0.0098      0.0237  
n743                           1.980    0.991    0.0181      0.0217  
SHIFTC                         1.252    0.015    0.0284      0.0215  
n253                           1.438    0.025    0.0247      0.0215  
n724                           4.061    0.986    0.0087      0.0213  
n976                           1.974    0.017    0.0170      0.0203  
n744                           1.980    0.992    0.0169      0.0202  
n977                           1.974    0.016    0.0169      0.0201  
n928                           1.974    0.997    0.0167      0.0199  
n938                           1.909    0.997    0.0170      0.0197  
SIPO[17]                       4.109    0.011    0.0079      0.0196  
n860                           1.909    0.997    0.0169      0.0195  
n450                           4.061    0.991    0.0079      0.0193  
n934                           1.909    0.997    0.0167      0.0193  
n956                           1.909    0.997    0.0167      0.0193  
n198                           1.438    0.005    0.0222      0.0193  
n906                           1.974    0.997    0.0161      0.0192  
n926                           1.974    0.997    0.0159      0.0190  
n910                           1.909    0.997    0.0164      0.0189  
n916                           1.974    0.997    0.0157      0.0188  
n920                           1.974    0.997    0.0157      0.0188  
n924                           1.974    0.997    0.0157      0.0188  
n1002                          1.909    0.997    0.0162      0.0187  
n918                           1.974    0.997    0.0156      0.0186  
n922                           1.974    0.997    0.0156      0.0186  
SIPO[20]                       4.044    0.008    0.0075      0.0185  
n944                           1.909    0.997    0.0157      0.0182  
n914                           1.909    0.997    0.0156      0.0180  
n930                           1.909    0.997    0.0156      0.0180  
n745                           1.980    0.993    0.0149      0.0179  
n952                           1.909    0.997    0.0153      0.0176  
n942                           1.909    0.997    0.0151      0.0174  
n950                           1.909    0.997    0.0151      0.0174  
net21761                       1.974    0.997    0.0145      0.0173  
n932                           1.909    0.997    0.0149      0.0172  
n913                           1.909    0.997    0.0148      0.0171  
n936                           1.909    0.997    0.0148      0.0171  
n947                           1.909    0.997    0.0148      0.0171  
n959                           1.909    0.997    0.0148      0.0171  
n252                           1.438    0.019    0.0196      0.0170  
n451                           4.061    0.992    0.0069      0.0170  
n902                           1.909    0.997    0.0146      0.0169  
n908                           1.909    0.997    0.0145      0.0167  
SIPO[28]                       6.110    0.005    0.0045      0.0166  
n449                           4.061    0.989    0.0067      0.0166  
n904                           1.909    0.997    0.0143      0.0165  
n963                           1.909    0.997    0.0143      0.0165  
n954                           1.909    0.997    0.0141      0.0163  
n454                           4.061    0.993    0.0066      0.0162  
n444                           2.010    0.986    0.0132      0.0160  
n746                           1.980    0.994    0.0133      0.0160  
n961                           1.909    0.997    0.0138      0.0160  
SIPO[18]                       3.998    0.009    0.0066      0.0159  
n452                           4.061    0.992    0.0064      0.0158  
n872                           1.972    0.986    0.0132      0.0157  
n940                           1.909    0.997    0.0135      0.0156  
n458                           4.061    0.994    0.0063      0.0154  
SIPO[21]                       4.044    0.007    0.0063      0.0153  
SIPO[25]                       4.044    0.006    0.0061      0.0149  
n251                           1.438    0.018    0.0169      0.0147  
n455                           4.061    0.993    0.0059      0.0146  
n723                           4.061    0.994    0.0059      0.0146  
n1004                          1.438    0.003    0.0162      0.0141  
n747                           1.980    0.994    0.0117      0.0140  
n445                           2.010    0.986    0.0114      0.0139  
SIPO[29]                       6.110    0.004    0.0037      0.0137  
n869                           1.972    0.986    0.0114      0.0136  
n980                           1.974    0.014    0.0111      0.0132  
SIPO[22]                       3.998    0.006    0.0053      0.0128  
n453                           4.061    0.992    0.0051      0.0126  
n250                           1.438    0.015    0.0143      0.0124  
n457                           4.061    0.993    0.0050      0.0122  
n748                           1.980    0.995    0.0101      0.0121  
SIPO[26]                       3.998    0.006    0.0050      0.0120  
SIPO[15]                       1.974    0.014    0.0098      0.0117  
SIPO[23]                       3.998    0.006    0.0047      0.0113  
SIPO[27]                       3.998    0.006    0.0047      0.0113  
n249                           1.438    0.015    0.0125      0.0109  
n749                           1.980    0.995    0.0088      0.0106  
n752                           1.980    0.996    0.0087      0.0104  
n984                           1.974    0.007    0.0080      0.0096  
n248                           1.438    0.015    0.0109      0.0095  
n750                           1.980    0.995    0.0079      0.0094  
n982                           1.974    0.011    0.0079      0.0094  
n753                           1.980    0.996    0.0077      0.0092  
n985                           1.974    0.008    0.0075      0.0090  
SIPO[30]                       2.542    0.005    0.0058      0.0089  
n448                           1.972    0.988    0.0074      0.0088  
n751                           1.980    0.996    0.0072      0.0087  
n757                           1.980    0.997    0.0072      0.0087  
n754                           1.980    0.996    0.0071      0.0085  
n247                           1.438    0.014    0.0095      0.0082  
n758                           1.980    0.997    0.0066      0.0079  
n983                           1.974    0.009    0.0066      0.0079  
n755                           1.980    0.996    0.0064      0.0077  
n986                           1.974    0.007    0.0063      0.0075  
n759                           1.980    0.997    0.0061      0.0073  
n990                           1.974    0.006    0.0061      0.0073  
n246                           1.438    0.012    0.0082      0.0071  
n756                           1.980    0.997    0.0058      0.0069  
n760                           1.980    0.997    0.0058      0.0069  
n456                           1.972    0.993    0.0058      0.0069  
n722                           1.972    0.995    0.0058      0.0069  
n243                           1.438    0.008    0.0074      0.0064  
n987                           1.974    0.006    0.0053      0.0063  
n761                           1.980    0.998    0.0050      0.0060  
n991                           1.974    0.006    0.0050      0.0059  
n721                           1.972    0.996    0.0050      0.0059  
n242                           1.438    0.009    0.0067      0.0059  
n244                           1.438    0.009    0.0067      0.0059  
n245                           1.438    0.011    0.0067      0.0059  
n988                           1.974    0.006    0.0047      0.0056  
n994                           1.974    0.006    0.0047      0.0056  
n699                           1.972    0.995    0.0047      0.0056  
n731                           1.980    0.998    0.0045      0.0054  
n238                           1.438    0.007    0.0059      0.0052  
n240                           1.438    0.007    0.0056      0.0049  
n241                           1.438    0.008    0.0056      0.0049  
n236                           1.438    0.006    0.0053      0.0046  
n237                           1.438    0.007    0.0053      0.0046  
n239                           1.438    0.007    0.0053      0.0046  
n235                           1.438    0.006    0.0048      0.0042  
n549                           1.438    0.005    0.0047      0.0041  
n234                           1.438    0.005    0.0045      0.0039  
n233                           1.438    0.004    0.0040      0.0035  
n661                           0.000    0.000    0.0000      0.0000  d
n1000                          1.154    1.000    0.0000      0.0000  d
n1001                          0.876    0.000    0.0000      0.0000  d
n1003                          1.974    1.000    0.0000      0.0000  
--------------------------------------------------------------------------------
Total (486 nets)                                           104.6111 uW
1
