 
****************************************
Report : area
Design : completeAdder
Version: F-2011.09-SP3
Date   : Sat Apr 20 16:44:16 2019
****************************************

Library(s) Used:

    NangateOpenCellLibrary (File: /home/mariagrazia.graziano/do/libnangate/NangateOpenCellLibrary_typical_ecsm.db)

Number of ports:                           98
Number of nets:                           165
Number of cells:                           61
Number of combinational cells:             59
Number of sequential cells:                 0
Number of macros:                           0
Number of buf/inv:                         22
Number of references:                       7

Combinational area:        664.201995
Noncombinational area:       0.000000
Net Interconnect area:      undefined  (Wire load has zero net area)

Total cell area:           664.201995
Total area:                 undefined
1
