 
****************************************
Report : area
Design : register_file
Version: F-2011.09-SP3
Date   : Sun Apr 28 17:38:32 2019
****************************************

Library(s) Used:

    NangateOpenCellLibrary (File: /home/mariagrazia.graziano/do/libnangate/NangateOpenCellLibrary_typical_ecsm.db)

Number of ports:                          213
Number of nets:                          9797
Number of cells:                         8176
Number of combinational cells:           6000
Number of sequential cells:              2176
Number of macros:                           0
Number of buf/inv:                       1248
Number of references:                      20

Combinational area:       7527.002083
Noncombinational area:    9839.871643
Net Interconnect area:      undefined  (Wire load has zero net area)

Total cell area:          17366.873726
Total area:                 undefined
1
