Information: Updating design information... (UID-85)
Warning: Design 'register_file' contains 1 high-fanout nets. A fanout number of 1000 will be used for delay calculations involving these nets. (TIM-134)
 
****************************************
Report : timing
        -path full
        -delay max
        -max_paths 1
Design : register_file
Version: F-2011.09-SP3
Date   : Sun Apr 28 17:37:30 2019
****************************************

 # A fanout number of 1000 was used for high fanout net computations.

Operating Conditions: typical   Library: NangateOpenCellLibrary
Wire Load Model Mode: top

  Startpoint: REGISTERS_reg[9][4]
              (rising edge-triggered flip-flop clocked by CLK)
  Endpoint: OUT1_reg[4]
            (rising edge-triggered flip-flop clocked by CLK)
  Path Group: CLK
  Path Type: max

  Des/Clust/Port     Wire Load Model       Library
  ------------------------------------------------
  register_file      5K_hvratio_1_1        NangateOpenCellLibrary

  Point                                    Incr       Path
  -----------------------------------------------------------
  clock CLK (rise edge)                    0.00       0.00
  clock network delay (ideal)              0.00       0.00
  REGISTERS_reg[9][4]/CK (DFF_X1)          0.00 #     0.00 r
  REGISTERS_reg[9][4]/QN (DFF_X1)          0.07       0.07 r
  U12861/ZN (OAI22_X1)                     0.04       0.11 f
  U17052/ZN (AOI221_X1)                    0.09       0.20 r
  U17049/ZN (NAND4_X1)                     0.05       0.25 f
  U15547/ZN (OAI21_X1)                     0.05       0.30 r
  U15545/ZN (OAI221_X1)                    0.05       0.34 f
  OUT1_reg[4]/D (DFF_X1)                   0.01       0.35 f
  data arrival time                                   0.35

  clock CLK (rise edge)                    2.00       2.00
  clock network delay (ideal)              0.00       2.00
  OUT1_reg[4]/CK (DFF_X1)                  0.00       2.00 r
  library setup time                      -0.05       1.95
  data required time                                  1.95
  -----------------------------------------------------------
  data required time                                  1.95
  data arrival time                                  -0.35
  -----------------------------------------------------------
  slack (MET)                                         1.60


1
