 
****************************************
Report : area
Design : register_file
Version: F-2011.09-SP3
Date   : Sun Apr 28 17:37:30 2019
****************************************

Library(s) Used:

    NangateOpenCellLibrary (File: /home/mariagrazia.graziano/do/libnangate/NangateOpenCellLibrary_typical_ecsm.db)

Number of ports:                          213
Number of nets:                          9991
Number of cells:                         8178
Number of combinational cells:           6002
Number of sequential cells:              2176
Number of macros:                           0
Number of buf/inv:                       1254
Number of references:                      18

Combinational area:       7533.386068
Noncombinational area:    9839.871643
Net Interconnect area:      undefined  (Wire load has zero net area)

Total cell area:          17373.257711
Total area:                 undefined
1
